2023-11-12 10:53:49 - Starting C:\Program Files\nodejs\node.exe  --harmony "D:\Web development\Clinic_Schedule\node_modules\node-windows\lib\wrapper.js" --file "D:\Web development\Clinic_Schedule\app.js" --scriptoptions= --log "Clinic Schedule wrapper" --grow 0.25 --wait 1 --maxrestarts 3 --abortonerror n --stopparentfirst undefined
2023-11-12 10:53:49 - Started 37884
2023-11-12 11:07:02 - Stopping clinicschedule.exe
2023-11-12 11:07:02 - ProcessKill 37884
2023-11-12 11:07:02 - Shutdown exception
Message:Class not registered

Stacktrace:   at System.Runtime.InteropServices.Marshal.ThrowExceptionForHRInternal(Int32 errorCode, IntPtr errorInfo)
   at System.Management.ManagementScope.InitializeGuts(Object o)
   at System.Management.ManagementScope.Initialize()
   at System.Management.ManagementObjectSearcher.Initialize()
   at System.Management.ManagementObjectSearcher.Get()
   at winsw.WrapperService.GetChildPids(Int32 pid)
   at winsw.WrapperService.StopProcessAndChildren(Int32 pid)
   at winsw.WrapperService.StopIt()
   at winsw.WrapperService.OnShutdown()
2023-11-12 11:07:22 - Starting C:\Program Files\nodejs\node.exe  --harmony "D:\Web development\Clinic_Schedule\node_modules\node-windows\lib\wrapper.js" --file "D:\Web development\Clinic_Schedule\app.js" --scriptoptions= --log "Clinic Schedule wrapper" --grow 0.25 --wait 1 --maxrestarts 3 --abortonerror n --stopparentfirst undefined
2023-11-12 11:07:22 - Started 7032
2023-11-22 05:56:08 - Stopping clinicschedule.exe
2023-11-22 05:56:08 - ProcessKill 7032
2023-11-22 05:56:09 - Shutdown exception
Message:A system shutdown is in progress.

Stacktrace:   at System.Runtime.InteropServices.Marshal.ThrowExceptionForHRInternal(Int32 errorCode, IntPtr errorInfo)
   at System.Management.ManagementScope.InitializeGuts(Object o)
   at System.Management.ManagementScope.Initialize()
   at System.Management.ManagementObjectSearcher.Initialize()
   at System.Management.ManagementObjectSearcher.Get()
   at winsw.WrapperService.GetChildPids(Int32 pid)
   at winsw.WrapperService.StopProcessAndChildren(Int32 pid)
   at winsw.WrapperService.StopIt()
   at winsw.WrapperService.OnShutdown()
2023-11-22 05:56:34 - Starting C:\Program Files\nodejs\node.exe  --harmony "D:\Web development\Clinic_Schedule\node_modules\node-windows\lib\wrapper.js" --file "D:\Web development\Clinic_Schedule\app.js" --scriptoptions= --log "Clinic Schedule wrapper" --grow 0.25 --wait 1 --maxrestarts 3 --abortonerror n --stopparentfirst undefined
2023-11-22 05:56:34 - Started 6888
2023-11-30 07:54:21 - Stopping clinicschedule.exe
2023-11-30 07:54:21 - ProcessKill 6888
2023-11-30 07:54:21 - Shutdown exception
Message:A system shutdown is in progress.

Stacktrace:   at System.Runtime.InteropServices.Marshal.ThrowExceptionForHRInternal(Int32 errorCode, IntPtr errorInfo)
   at System.Management.ManagementScope.InitializeGuts(Object o)
   at System.Management.ManagementScope.Initialize()
   at System.Management.ManagementObjectSearcher.Initialize()
   at System.Management.ManagementObjectSearcher.Get()
   at winsw.WrapperService.GetChildPids(Int32 pid)
   at winsw.WrapperService.StopProcessAndChildren(Int32 pid)
   at winsw.WrapperService.StopIt()
   at winsw.WrapperService.OnShutdown()
2023-11-30 07:54:45 - Starting C:\Program Files\nodejs\node.exe  --harmony "D:\Web development\Clinic_Schedule\node_modules\node-windows\lib\wrapper.js" --file "D:\Web development\Clinic_Schedule\app.js" --scriptoptions= --log "Clinic Schedule wrapper" --grow 0.25 --wait 1 --maxrestarts 3 --abortonerror n --stopparentfirst undefined
2023-11-30 07:54:45 - Started 6768
2023-11-30 08:08:48 - Stopping clinicschedule.exe
2023-11-30 08:08:48 - ProcessKill 6768
2023-11-30 08:08:48 - Shutdown exception
Message:Class not registered

Stacktrace:   at System.Runtime.InteropServices.Marshal.ThrowExceptionForHRInternal(Int32 errorCode, IntPtr errorInfo)
   at System.Management.ManagementScope.InitializeGuts(Object o)
   at System.Management.ManagementScope.Initialize()
   at System.Management.ManagementObjectSearcher.Initialize()
   at System.Management.ManagementObjectSearcher.Get()
   at winsw.WrapperService.GetChildPids(Int32 pid)
   at winsw.WrapperService.StopProcessAndChildren(Int32 pid)
   at winsw.WrapperService.StopIt()
   at winsw.WrapperService.OnShutdown()
2023-11-30 08:09:08 - Starting C:\Program Files\nodejs\node.exe  --harmony "D:\Web development\Clinic_Schedule\node_modules\node-windows\lib\wrapper.js" --file "D:\Web development\Clinic_Schedule\app.js" --scriptoptions= --log "Clinic Schedule wrapper" --grow 0.25 --wait 1 --maxrestarts 3 --abortonerror n --stopparentfirst undefined
2023-11-30 08:09:08 - Started 6352
2023-12-12 01:07:12 - Stopping clinicschedule.exe
2023-12-12 01:07:12 - ProcessKill 6352
2023-12-12 01:07:12 - Shutdown exception
Message:A system shutdown is in progress.

Stacktrace:   at System.Runtime.InteropServices.Marshal.ThrowExceptionForHRInternal(Int32 errorCode, IntPtr errorInfo)
   at System.Management.ManagementScope.InitializeGuts(Object o)
   at System.Management.ManagementScope.Initialize()
   at System.Management.ManagementObjectSearcher.Initialize()
   at System.Management.ManagementObjectSearcher.Get()
   at winsw.WrapperService.GetChildPids(Int32 pid)
   at winsw.WrapperService.StopProcessAndChildren(Int32 pid)
   at winsw.WrapperService.StopIt()
   at winsw.WrapperService.OnShutdown()
2023-12-12 06:49:55 - Starting C:\Program Files\nodejs\node.exe  --harmony "D:\Web development\Clinic_Schedule\node_modules\node-windows\lib\wrapper.js" --file "D:\Web development\Clinic_Schedule\app.js" --scriptoptions= --log "Clinic Schedule wrapper" --grow 0.25 --wait 1 --maxrestarts 3 --abortonerror n --stopparentfirst undefined
2023-12-12 06:49:55 - Started 7396
2023-12-14 05:32:22 - Stopping clinicschedule.exe
2023-12-14 05:32:22 - ProcessKill 7396
2023-12-14 05:32:22 - Shutdown exception
Message:Class not registered

Stacktrace:   at System.Runtime.InteropServices.Marshal.ThrowExceptionForHRInternal(Int32 errorCode, IntPtr errorInfo)
   at System.Management.ManagementScope.InitializeGuts(Object o)
   at System.Management.ManagementScope.Initialize()
   at System.Management.ManagementObjectSearcher.Initialize()
   at System.Management.ManagementObjectSearcher.Get()
   at winsw.WrapperService.GetChildPids(Int32 pid)
   at winsw.WrapperService.StopProcessAndChildren(Int32 pid)
   at winsw.WrapperService.StopIt()
   at winsw.WrapperService.OnShutdown()
2023-12-14 05:32:47 - Starting C:\Program Files\nodejs\node.exe  --harmony "D:\Web development\Clinic_Schedule\node_modules\node-windows\lib\wrapper.js" --file "D:\Web development\Clinic_Schedule\app.js" --scriptoptions= --log "Clinic Schedule wrapper" --grow 0.25 --wait 1 --maxrestarts 3 --abortonerror n --stopparentfirst undefined
2023-12-14 05:32:47 - Started 7060
2023-12-23 15:08:31 - Starting C:\Program Files\nodejs\node.exe  --harmony "D:\Web development\Clinic_Schedule\node_modules\node-windows\lib\wrapper.js" --file "D:\Web development\Clinic_Schedule\app.js" --scriptoptions= --log "Clinic Schedule wrapper" --grow 0.25 --wait 1 --maxrestarts 3 --abortonerror n --stopparentfirst undefined
2023-12-23 15:08:31 - Started 7704
2023-12-25 21:14:14 - Stopping clinicschedule.exe
2023-12-25 21:14:14 - ProcessKill 7704
2023-12-25 21:14:14 - Found child process: 7760 Name: conhost.exe
2023-12-25 21:14:14 - Found child process: 8132 Name: node.exe
2023-12-25 21:14:14 - Stopping process 7760
2023-12-25 21:14:14 - Send SIGINT 7760
2023-12-25 21:14:15 - SIGINT to 7760 failed - Killing as fallback
2023-12-25 21:14:15 - Stopping process 8132
2023-12-25 21:14:15 - Send SIGINT 8132
2023-12-25 21:14:15 - SIGINT to 8132 failed - Killing as fallback
2023-12-25 21:14:15 - Stopping process 7704
2023-12-25 21:14:15 - Send SIGINT 7704
2023-12-25 21:14:15 - SIGINT to 7704 failed - Killing as fallback
2023-12-25 21:14:15 - Finished clinicschedule.exe
